_fbtom
_fjgetmoji
_fjputmoji
_fjstradv
_fjstrcat
_fjstrchr
_fjstrcmp
_fjstrcspn
_fjstricmp
_fjstrlen
_fjstrlwr
_fjstrmatch
_fjstrncat
_fjstrncmp
_fjstrncpy
_fjstrnicmp
_fjstrnset
_fjstrrchr
_fjstrrev
_fjstrset
_fjstrskip
_fjstrspn
_fjstrstr
_fjstrtok
_fjstrupr
_fmtob
_fnthctype
btom
chkctype
hantozen
jasctime
jctime
jgetmoji
jisalpha
jisdigit
jishira
jiskana
jiskigou
jisl0
jisl1
jisl2
jislower
jisprint
jisspace
jistojms
jisupper
jiszen
jmstojis
jperror
jputmoji
jstradv
jstrcat
jstrchr
jstrcmp
jstrcspn
jstrerror
jstricmp
jstrlen
jstrlwr
jstrmatch
jstrncat
jstrncmp
jstrncpy
jstrnicmp
jstrnset
jstrrchr
jstrrev
jstrset
jstrskip
jstrspn
jstrstr
jstrtok
jstrupr
jtohira
jtokata
jtolower
jtoupper
mblen
mbstowcs
mbtowc
mtob
nthctype
wcstombs
wctomb
zentohan
